{"logLevel":"debug","message":"multithreading is set to false"}
{"logLevel":"debug","message":"Using reflection to scan dependencies for gauge implementations..."}
{"logLevel":"debug","message":"gauge-java took 1071milliseconds to load and scan. This should be less than 'runner_connection_timeout' config value."}
{"logLevel":"debug","message":"run 'gauge config runner_connection_timeout' and verify that it is < 1071"}
{"logLevel":"debug","message":"starting gRPC server..."}
{"logLevel":"debug","message":"started gRPC server on port 60147"}
{"logLevel":"info","message":"Listening on port:60147"}
{"logLevel":"debug","message":"Scanning packages for steps"}
{"logLevel":"debug","message":"Comparing 'HomePage.sepetBosalt' and 'HomePage.sepetBosalt'"}
{"logLevel":"debug","message":"Found Sepet Bosalt in current project scope."}
{"logLevel":"debug","message":"Comparing 'HomePage.adresSil' and 'HomePage.adresSil'"}
{"logLevel":"debug","message":"Found Adres Sii in current project scope."}
{"logLevel":"debug","message":"Comparing 'HomePage.rastgeleKatSec' and 'HomePage.rastgeleKatSec'"}
{"logLevel":"debug","message":"Found Rastgele Kategori Sec in current project scope."}
{"logLevel":"debug","message":"Comparing 'HomePage.fiyatBelirle' and 'HomePage.fiyatBelirle'"}
{"logLevel":"debug","message":"Found Fiyat Araligi Belirle in current project scope."}
{"logLevel":"debug","message":"Comparing 'HomePage.urunSec' and 'HomePage.urunSec'"}
{"logLevel":"debug","message":"Found Rastgele Urun Sec in current project scope."}
{"logLevel":"debug","message":"Comparing 'HomePage.sepeteGit' and 'HomePage.sepeteGit'"}
{"logLevel":"debug","message":"Found Sepete Git in current project scope."}
{"logLevel":"debug","message":"Comparing 'HomePage.loginKontrol' and 'HomePage.loginKontrol'"}
{"logLevel":"debug","message":"Found Login Kontrol in current project scope."}
{"logLevel":"debug","message":"Comparing 'HomePage.anaSayfaAc' and 'HomePage.anaSayfaAc'"}
{"logLevel":"debug","message":"Found AnaSayfaya Git in current project scope."}
{"logLevel":"debug","message":"Comparing 'HomePage.adresEkle' and 'HomePage.adresEkle'"}
{"logLevel":"debug","message":"Found Adres Ekle in current project scope."}
{"logLevel":"debug","message":"Comparing 'HomePage.sepetKontrol' and 'HomePage.sepetKontrol'"}
{"logLevel":"debug","message":"Found Sepet Kontrol in current project scope."}
{"logLevel":"debug","message":"Comparing 'HomePage.markaSec' and 'HomePage.markaSec'"}
{"logLevel":"debug","message":"Found Rastgele Marka Sec in current project scope."}
{"logLevel":"debug","message":"Comparing 'HomePage.GirisYap' and 'HomePage.GirisYap'"}
{"logLevel":"debug","message":"Found Kullanici Girişi Yap in current project scope."}
{"logLevel":"debug","message":"Comparing 'HomePage.odemeBilgileri' and 'HomePage.odemeBilgileri'"}
{"logLevel":"debug","message":"Found Odeme Bilgileri in current project scope."}
{"logLevel":"debug","message":"Scanning packages for hooks"}
{"logLevel":"debug","message":"Scanned steps (using static parsing + reflections): "}
{"logLevel":"debug","message":"\tKullanici Girişi Yap : public void GirisYap()"}
{"logLevel":"debug","message":"\tRastgele Kategori Sec : public void rastgeleKatSec()"}
{"logLevel":"debug","message":"\tSepet Bosalt : public void sepetBosalt()"}
{"logLevel":"debug","message":"\tAdres Sii : public void adresSil()"}
{"logLevel":"debug","message":"\tOdeme Bilgileri : public void odemeBilgileri()"}
{"logLevel":"debug","message":"\tSepet Kontrol : public void sepetKontrol()"}
{"logLevel":"debug","message":"\tLogin Kontrol : public void loginKontrol()"}
{"logLevel":"debug","message":"\tRastgele Marka Sec : public void markaSec()"}
{"logLevel":"debug","message":"\tFiyat Araligi Belirle : public void fiyatBelirle()"}
{"logLevel":"debug","message":"\tSepete Git : public void sepeteGit()"}
{"logLevel":"debug","message":"\tAnaSayfaya Git : public void anaSayfaAc()"}
{"logLevel":"debug","message":"\tRastgele Urun Sec : public void urunSec()"}
{"logLevel":"debug","message":"\tAdres Ekle : public void adresEkle()"}
Starting ChromeDriver 84.0.4147.30 (48b3e868b4cc0aa7e8149519690b6f6949e110a8-refs/branch-heads/4147@{#310}) on port 17616
Only local connections are allowed.
Please see https://chromedriver.chromium.org/security-considerations for suggestions on keeping ChromeDriver safe.
ChromeDriver was started successfully.
Ağu 12, 2020 11:36:33 PM org.openqa.selenium.remote.ProtocolHandshake createSession
INFO: Detected dialect: W3C
{"logLevel":"debug","message":"Executing 'AnaSayfaya Git' using 'class HomePage.anaSayfaAc"}
2020-08-12 23:36:35 INFO  HomePage:29 - Anasayfa açılıyor...
