{"logLevel":"debug","message":"multithreading is set to false"}
{"logLevel":"debug","message":"Using reflection to scan dependencies for gauge implementations..."}
{"logLevel":"debug","message":"gauge-java took 964milliseconds to load and scan. This should be less than 'runner_connection_timeout' config value."}
{"logLevel":"debug","message":"run 'gauge config runner_connection_timeout' and verify that it is < 964"}
{"logLevel":"debug","message":"starting gRPC server..."}
{"logLevel":"debug","message":"started gRPC server on port 52278"}
{"logLevel":"info","message":"Listening on port:52278"}
{"logLevel":"debug","message":"Scanning packages for steps"}
{"logLevel":"debug","message":"Comparing 'HomePage.sepetBosalt' and 'HomePage.sepetBosalt'"}
{"logLevel":"debug","message":"Found Sepet Bosalt in current project scope."}
{"logLevel":"debug","message":"Comparing 'HomePage.adresSil' and 'HomePage.adresSil'"}
{"logLevel":"debug","message":"Found Adres Sil in current project scope."}
{"logLevel":"debug","message":"Comparing 'HomePage.fiyatBelirle' and 'HomePage.fiyatBelirle'"}
{"logLevel":"debug","message":"Found Fiyat Araligi Belirle in current project scope."}
{"logLevel":"debug","message":"Comparing 'HomePage.urunSec' and 'HomePage.urunSec'"}
{"logLevel":"debug","message":"Found Rastgele Urun Sec in current project scope."}
{"logLevel":"debug","message":"Comparing 'HomePage.sepeteGit' and 'HomePage.sepeteGit'"}
{"logLevel":"debug","message":"Found Sepete Git in current project scope."}
{"logLevel":"debug","message":"Comparing 'HomePage.loginKontrol' and 'HomePage.loginKontrol'"}
{"logLevel":"debug","message":"Found Login Kontrol in current project scope."}
{"logLevel":"debug","message":"Comparing 'HomePage.rastgeleKategoriSec' and 'HomePage.rastgeleKategoriSec'"}
{"logLevel":"debug","message":"Found Rastgele Kategori Sec in current project scope."}
{"logLevel":"debug","message":"Comparing 'HomePage.anaSayfaAc' and 'HomePage.anaSayfaAc'"}
{"logLevel":"debug","message":"Found AnaSayfaya Git in current project scope."}
{"logLevel":"debug","message":"Comparing 'HomePage.adresEkle' and 'HomePage.adresEkle'"}
{"logLevel":"debug","message":"Found Adres Ekle in current project scope."}
{"logLevel":"debug","message":"Comparing 'HomePage.sepetKontrol' and 'HomePage.sepetKontrol'"}
{"logLevel":"debug","message":"Found Sepet Kontrol in current project scope."}
{"logLevel":"debug","message":"Comparing 'HomePage.markaSec' and 'HomePage.markaSec'"}
{"logLevel":"debug","message":"Found Rastgele Marka Sec in current project scope."}
{"logLevel":"debug","message":"Comparing 'HomePage.GirisYap' and 'HomePage.GirisYap'"}
{"logLevel":"debug","message":"Found Kullanici Girişi Yap in current project scope."}
{"logLevel":"debug","message":"Comparing 'HomePage.odemeBilgileri' and 'HomePage.odemeBilgileri'"}
{"logLevel":"debug","message":"Found Odeme Bilgileri in current project scope."}
{"logLevel":"debug","message":"Scanning packages for hooks"}
{"logLevel":"debug","message":"Scanned steps (using static parsing + reflections): "}
{"logLevel":"debug","message":"\tKullanici Girişi Yap : public void GirisYap()"}
{"logLevel":"debug","message":"\tRastgele Kategori Sec : public void rastgeleKategoriSec()"}
{"logLevel":"debug","message":"\tSepet Bosalt : public void sepetBosalt()"}
{"logLevel":"debug","message":"\tAdres Sil : public void adresSil()"}
{"logLevel":"debug","message":"\tOdeme Bilgileri : public void odemeBilgileri()"}
{"logLevel":"debug","message":"\tSepet Kontrol : public void sepetKontrol()"}
{"logLevel":"debug","message":"\tLogin Kontrol : public void loginKontrol()"}
{"logLevel":"debug","message":"\tRastgele Marka Sec : public void markaSec()"}
{"logLevel":"debug","message":"\tFiyat Araligi Belirle : public void fiyatBelirle()"}
{"logLevel":"debug","message":"\tSepete Git : public void sepeteGit()"}
{"logLevel":"debug","message":"\tAnaSayfaya Git : public void anaSayfaAc()"}
{"logLevel":"debug","message":"\tRastgele Urun Sec : public void urunSec()"}
{"logLevel":"debug","message":"\tAdres Ekle : public void adresEkle()"}
Starting ChromeDriver 84.0.4147.30 (48b3e868b4cc0aa7e8149519690b6f6949e110a8-refs/branch-heads/4147@{#310}) on port 26150
Only local connections are allowed.
Please see https://chromedriver.chromium.org/security-considerations for suggestions on keeping ChromeDriver safe.
ChromeDriver was started successfully.
Ağu 13, 2020 6:20:35 PM org.openqa.selenium.remote.ProtocolHandshake createSession
INFO: Detected dialect: W3C
{"logLevel":"debug","message":"Executing 'AnaSayfaya Git' using 'class HomePage.anaSayfaAc"}
2020-08-13 18:20:37 INFO  HomePage:31 - Anasayfa açılıyor...
{"logLevel":"debug","message":"Executing 'Kullanici Girişi Yap' using 'class HomePage.GirisYap"}
2020-08-13 18:20:41 INFO  HomePage:37 - Kullanıcı girişi yapılıyor...
{"logLevel":"debug","message":"Executing 'Login Kontrol' using 'class HomePage.loginKontrol"}
2020-08-13 18:20:50 INFO  HomePage:47 - Login başarılı. Sepet tutar kontrolü yapılacak...
{"logLevel":"debug","message":"Executing 'Sepet Kontrol' using 'class HomePage.sepetKontrol"}
2020-08-13 18:20:55 INFO  HomePage:53 - Sepet tutar kontrolü yapılıyor...
2020-08-13 18:20:55 INFO  HomePage:54 - Sepette ürün yok.
2020-08-13 18:20:56 INFO  HomePage:56 - Anasayfaya yönlendiriliyor...
{"logLevel":"debug","message":"Executing 'Rastgele Kategori Sec' using 'class HomePage.rastgeleKategoriSec"}
2020-08-13 18:20:57 INFO  HomePage:62 - Rastgele bir kategori seçiliyor...
2020-08-13 18:20:59 INFO  HomePage:64 - Rastgele bir kategori seçildi...
2020-08-13 18:20:59 INFO  HomePage:65 - Rastgele bir alt kategori seçiliyor...
2020-08-13 18:21:01 INFO  HomePage:67 - Rastgele bir alt kategori seçildi...
{"logLevel":"debug","message":"Executing 'Rastgele Marka Sec' using 'class HomePage.markaSec"}
2020-08-13 18:21:02 INFO  HomePage:74 - Rastgele bir marka seçiliyor...
2020-08-13 18:21:05 INFO  HomePage:76 - Rastgele bir marka seçildi...
{"logLevel":"debug","message":"Executing 'Fiyat Araligi Belirle' using 'class HomePage.fiyatBelirle"}
2020-08-13 18:21:05 INFO  HomePage:83 - Fiyat aralığı giriliyor..
{"logLevel":"debug","message":"Executing 'Rastgele Urun Sec' using 'class HomePage.urunSec"}
2020-08-13 18:21:10 INFO  HomePage:95 - Rastgele bir ürün seciliyor...
2020-08-13 18:21:13 INFO  HomePage:97 - Rastgele bir ürün seçildi...
2020-08-13 18:21:13 INFO  HomePage:101 - Ürün adı bilgisi csv dosyasına yazdırıldı...
2020-08-13 18:21:13 INFO  HomePage:104 - Tutar bilgisi csv dosyasına yazdırıldı...
Ürün Adı: HP 15-BS128NT Intel Core i3 5005U 4GB 128GB SSD Windows 10 Home 15.6" Taşınabilir Bilgisayar 9YK48EA
Toplam Tutar: 3.099
2020-08-13 18:21:13 INFO  HomePage:109 - Seçilen ürün sepete ekleniyor...
2020-08-13 18:21:19 INFO  HomePage:111 - Seçilen ürün sepete eklendi...
{"logLevel":"debug","message":"Executing 'Sepete Git' using 'class HomePage.sepeteGit"}
2020-08-13 18:21:21 INFO  HomePage:126 - Sepet kontrol edilecek...
2020-08-13 18:21:22 INFO  HomePage:128 - Sepete gidildi...
2020-08-13 18:21:24 INFO  HomePage:130 - Sepetteki ürün bir adet arttırıldı...
2020-08-13 18:21:27 INFO  HomePage:133 - Sepetteki ürün bir adet arttırıldı...
2020-08-13 18:21:29 INFO  HomePage:138 - Ürün Toplam Değeri csv dosyasına yazdırıldı...
2020-08-13 18:21:29 INFO  HomePage:142 - Toplam Kargo Değeri csv dosyasına yazdırıldı...
Toplam Ücret: 21.744,00
Toplam Kargo Ucreti: 9,99
{"logLevel":"debug","message":"Executing 'Adres Ekle' using 'class HomePage.adresEkle"}
