{"logLevel":"debug","message":"multithreading is set to false"}
{"logLevel":"debug","message":"Using reflection to scan dependencies for gauge implementations..."}
{"logLevel":"debug","message":"gauge-java took 1116milliseconds to load and scan. This should be less than 'runner_connection_timeout' config value."}
{"logLevel":"debug","message":"run 'gauge config runner_connection_timeout' and verify that it is < 1116"}
{"logLevel":"debug","message":"starting gRPC server..."}
{"logLevel":"debug","message":"started gRPC server on port 55435"}
{"logLevel":"info","message":"Listening on port:55435"}
{"logLevel":"debug","message":"Scanning packages for steps"}
{"logLevel":"debug","message":"Comparing 'HomePage.sepetBosalt' and 'HomePage.sepetBosalt'"}
{"logLevel":"debug","message":"Found Sepet Bosalt in current project scope."}
{"logLevel":"debug","message":"Comparing 'HomePage.adresSil' and 'HomePage.adresSil'"}
{"logLevel":"debug","message":"Found Adres Sil in current project scope."}
{"logLevel":"debug","message":"Comparing 'HomePage.fiyatBelirle' and 'HomePage.fiyatBelirle'"}
{"logLevel":"debug","message":"Found Fiyat Araligi Belirle in current project scope."}
{"logLevel":"debug","message":"Comparing 'HomePage.urunSec' and 'HomePage.urunSec'"}
{"logLevel":"debug","message":"Found Rastgele Urun Sec in current project scope."}
{"logLevel":"debug","message":"Comparing 'HomePage.sepeteGit' and 'HomePage.sepeteGit'"}
{"logLevel":"debug","message":"Found Sepete Git in current project scope."}
{"logLevel":"debug","message":"Comparing 'HomePage.loginKontrol' and 'HomePage.loginKontrol'"}
{"logLevel":"debug","message":"Found Login Kontrol in current project scope."}
{"logLevel":"debug","message":"Comparing 'HomePage.rastgeleKategoriSec' and 'HomePage.rastgeleKategoriSec'"}
{"logLevel":"debug","message":"Found Rastgele Kategori Sec in current project scope."}
{"logLevel":"debug","message":"Comparing 'HomePage.anaSayfaAc' and 'HomePage.anaSayfaAc'"}
{"logLevel":"debug","message":"Found AnaSayfaya Git in current project scope."}
{"logLevel":"debug","message":"Comparing 'HomePage.adresEkle' and 'HomePage.adresEkle'"}
{"logLevel":"debug","message":"Found Adres Ekle in current project scope."}
{"logLevel":"debug","message":"Comparing 'HomePage.sepetKontrol' and 'HomePage.sepetKontrol'"}
{"logLevel":"debug","message":"Found Sepet Kontrol in current project scope."}
{"logLevel":"debug","message":"Comparing 'HomePage.markaSec' and 'HomePage.markaSec'"}
{"logLevel":"debug","message":"Found Rastgele Marka Sec in current project scope."}
{"logLevel":"debug","message":"Comparing 'HomePage.GirisYap' and 'HomePage.GirisYap'"}
{"logLevel":"debug","message":"Found Kullanici Girişi Yap in current project scope."}
{"logLevel":"debug","message":"Comparing 'HomePage.odemeBilgileri' and 'HomePage.odemeBilgileri'"}
{"logLevel":"debug","message":"Found Odeme Bilgileri in current project scope."}
{"logLevel":"debug","message":"Scanning packages for hooks"}
{"logLevel":"debug","message":"Scanned steps (using static parsing + reflections): "}
{"logLevel":"debug","message":"\tKullanici Girişi Yap : public void GirisYap()"}
{"logLevel":"debug","message":"\tRastgele Kategori Sec : public void rastgeleKategoriSec()"}
{"logLevel":"debug","message":"\tSepet Bosalt : public void sepetBosalt()"}
{"logLevel":"debug","message":"\tAdres Sil : public void adresSil()"}
{"logLevel":"debug","message":"\tOdeme Bilgileri : public void odemeBilgileri()"}
{"logLevel":"debug","message":"\tSepet Kontrol : public void sepetKontrol()"}
{"logLevel":"debug","message":"\tLogin Kontrol : public void loginKontrol()"}
{"logLevel":"debug","message":"\tRastgele Marka Sec : public void markaSec()"}
{"logLevel":"debug","message":"\tFiyat Araligi Belirle : public void fiyatBelirle()"}
{"logLevel":"debug","message":"\tSepete Git : public void sepeteGit()"}
{"logLevel":"debug","message":"\tAnaSayfaya Git : public void anaSayfaAc()"}
{"logLevel":"debug","message":"\tRastgele Urun Sec : public void urunSec()"}
{"logLevel":"debug","message":"\tAdres Ekle : public void adresEkle()"}
Starting ChromeDriver 84.0.4147.30 (48b3e868b4cc0aa7e8149519690b6f6949e110a8-refs/branch-heads/4147@{#310}) on port 36943
Only local connections are allowed.
Please see https://chromedriver.chromium.org/security-considerations for suggestions on keeping ChromeDriver safe.
ChromeDriver was started successfully.
Ağu 13, 2020 3:15:34 PM org.openqa.selenium.remote.ProtocolHandshake createSession
INFO: Detected dialect: W3C
{"logLevel":"debug","message":"Executing 'AnaSayfaya Git' using 'class HomePage.anaSayfaAc"}
2020-08-13 15:15:36 INFO  HomePage:30 - Anasayfa açılıyor...
{"logLevel":"debug","message":"Executing 'Kullanici Girişi Yap' using 'class HomePage.GirisYap"}
2020-08-13 15:15:40 INFO  HomePage:36 - Kullanıcı girişi yapılıyor...
{"logLevel":"debug","message":"Executing 'Login Kontrol' using 'class HomePage.loginKontrol"}
2020-08-13 15:15:44 INFO  HomePage:46 - Login başarılı. Sepet tutar kontrolü yapılacak...
{"logLevel":"debug","message":"Executing 'Sepet Kontrol' using 'class HomePage.sepetKontrol"}
2020-08-13 15:15:49 INFO  HomePage:52 - Sepet tutar kontrolü yapılıyor...
2020-08-13 15:15:49 INFO  HomePage:53 - Sepette ürün yok.
2020-08-13 15:15:50 INFO  HomePage:55 - Anasayfaya yönlendiriliyor...
{"logLevel":"debug","message":"Executing 'Rastgele Kategori Sec' using 'class HomePage.rastgeleKategoriSec"}
2020-08-13 15:15:52 INFO  HomePage:61 - Rastgele bir kategori seçiliyor...
2020-08-13 15:15:54 INFO  HomePage:63 - Rastgele bir kategori seçildi...
2020-08-13 15:15:54 INFO  HomePage:64 - Rastgele bir alt kategori seçiliyor...
2020-08-13 15:15:57 INFO  HomePage:66 - Rastgele bir alt kategori seçildi...
{"logLevel":"debug","message":"Executing 'Rastgele Marka Sec' using 'class HomePage.markaSec"}
2020-08-13 15:15:57 INFO  HomePage:73 - Rastgele bir marka seçiliyor...
2020-08-13 15:16:01 INFO  HomePage:75 - Rastgele bir marka seçildi...
{"logLevel":"debug","message":"Executing 'Fiyat Araligi Belirle' using 'class HomePage.fiyatBelirle"}
2020-08-13 15:16:02 INFO  HomePage:82 - Fiyat aralığı giriliyor..
{"logLevel":"debug","message":"Executing 'Rastgele Urun Sec' using 'class HomePage.urunSec"}
2020-08-13 15:16:06 INFO  HomePage:94 - Rastgele bir ürün seciliyor...
2020-08-13 15:16:09 INFO  HomePage:96 - Rastgele bir ürün seçildi...
2020-08-13 15:16:09 INFO  HomePage:102 - Ürün adı bilgisi csv dosyasına yazdırıldı...
2020-08-13 15:16:09 INFO  HomePage:103 - Tutar bilgisi csv dosyasına yazdırıldı...
Ürün Adı: HP 6ML40AA 21.5" 144Hz 1ms (HDMI+VGA) Freesync Oyuncu Monitör
Toplam Tutar: 1.351
2020-08-13 15:16:09 INFO  HomePage:108 - Seçilen ürün sepete ekleniyor...
2020-08-13 15:16:11 INFO  HomePage:110 - Seçilen ürün sepete eklendi...
{"logLevel":"debug","message":"Executing 'Sepete Git' using 'class HomePage.sepeteGit"}
2020-08-13 15:16:13 INFO  HomePage:125 - Sepet kontrol edilecek...
2020-08-13 15:16:14 INFO  HomePage:127 - Sepete gidildi...
2020-08-13 15:16:15 INFO  HomePage:129 - Sepetteki ürün bir adet arttırıldı...
2020-08-13 15:16:18 INFO  HomePage:132 - Sepetteki ürün bir adet arttırıldı...
2020-08-13 15:16:20 INFO  HomePage:139 - Ürün Toplam Değeri csv dosyasına yazdırıldı...
2020-08-13 15:16:20 INFO  HomePage:140 - Toplam Kargo Değeri csv dosyasına yazdırıldı...
Toplam Ücret: 4.596,00
Toplam Kargo Ucreti: 0,00
{"logLevel":"debug","message":"Executing 'Adres Ekle' using 'class HomePage.adresEkle"}
{"logLevel":"debug","message":"Executing 'Odeme Bilgileri' using 'class HomePage.odemeBilgileri"}
2020-08-13 15:16:24 INFO  HomePage:169 - Ödeme Ekranına yönlendiriliyor...
2020-08-13 15:16:26 INFO  HomePage:176 - Ödeme bilgileri girildi ana sayfaya yönlendiriliyor...
{"logLevel":"debug","message":"Executing 'Sepet Bosalt' using 'class HomePage.sepetBosalt"}
2020-08-13 15:16:28 INFO  HomePage:182 - Sepet ekranına yönlendiriliyor...
2020-08-13 15:16:29 INFO  HomePage:185 - Sepet boşaltıldı...
{"logLevel":"debug","message":"Executing 'Adres Sil' using 'class HomePage.adresSil"}
2020-08-13 15:16:29 INFO  HomePage:190 - Adreslerim ekranına yönlendiriliyor...
2020-08-13 15:16:35 INFO  HomePage:200 - Adreslerim silindi...
2020-08-13 15:16:35 INFO  HomePage:201 - Otomasyon tamamlandı...
